2025-05-13 17:07:18,717 [1] INFO  Triathlon.Client.WinForms.StartJsonClientWF - Starting Triathlon Client WinForms...
2025-05-13 17:07:18,729 [1] INFO  Triathlon.Client.WinForms.StartJsonClientWF - Using server localhost:55555
2025-05-13 17:07:18,789 [1] INFO  Triathlon.Client.WinForms.StartJsonClientWF - Triathlon Client WinForms started successfully
2025-05-13 17:07:36,834 [1] INFO  Triathlon.Network.JsonProtocol.TriathlonServicesJsonProxy - Attempting to connect to localhost:55555...
2025-05-13 17:07:38,887 [1] INFO  Triathlon.Network.JsonProtocol.TriathlonServicesJsonProxy - Connected successfully to localhost:55555
2025-05-13 17:07:38,901 [8] INFO  Triathlon.Network.JsonProtocol.TriathlonServicesJsonProxy - Reader task started
2025-05-13 17:07:39,063 [1] INFO  Triathlon.Network.JsonProtocol.TriathlonServicesJsonProxy - Sending request: {"Type":0,"Data":{"Username":"luk","Password":"123","Email":"","FirstName":"","LastName":"","Name":" ","Id":0}}
2025-05-13 17:07:50,310 [1] INFO  Triathlon.Network.JsonProtocol.TriathlonServicesJsonProxy - Attempting to connect to localhost:55555...
2025-05-13 17:07:52,357 [8] ERROR Triathlon.Network.JsonProtocol.TriathlonServicesJsonProxy - Read error
System.IO.IOException: Unable to read data from the transport connection: An existing connection was forcibly closed by the remote host..
 ---> System.Net.Sockets.SocketException (10054): An existing connection was forcibly closed by the remote host.
   --- End of inner exception stack trace ---
   at System.Net.Sockets.Socket.AwaitableSocketAsyncEventArgs.ThrowException(SocketError error, CancellationToken cancellationToken)
   at System.Net.Sockets.Socket.AwaitableSocketAsyncEventArgs.System.Threading.Tasks.Sources.IValueTaskSource<System.Int32>.GetResult(Int16 token)
   at System.IO.StreamReader.ReadBufferAsync(CancellationToken cancellationToken)
   at System.IO.StreamReader.ReadLineAsyncInternal(CancellationToken cancellationToken)
   at Triathlon.Network.JsonProtocol.TriathlonServicesJsonProxy.<>c__DisplayClass23_0.<<StartReaderTask>b__0>d.MoveNext() in C:\Users\ciuis\Desktop\FACULTATE\ANUL II\SEM II\MPP\lab08\TriathlonNetworking\jsonprotocol\TriathlonServicesJsonProxy.cs:line 213
2025-05-13 17:07:52,370 [1] INFO  Triathlon.Network.JsonProtocol.TriathlonServicesJsonProxy - Connected successfully to localhost:55555
2025-05-13 17:07:52,380 [8] INFO  Triathlon.Network.JsonProtocol.TriathlonServicesJsonProxy - Reader task ending
2025-05-13 17:07:52,380 [1] INFO  Triathlon.Network.JsonProtocol.TriathlonServicesJsonProxy - Sending request: {"Type":0,"Data":{"Username":"luk","Password":"123","Email":"","FirstName":"","LastName":"","Name":" ","Id":0}}
2025-05-13 17:07:52,381 [8] INFO  Triathlon.Network.JsonProtocol.TriathlonServicesJsonProxy - Reader task started
2025-05-13 17:07:52,709 [11] ERROR Triathlon.Network.JsonProtocol.TriathlonServicesJsonProxy - Unexpected error in reader task
System.InvalidOperationException: The collection has been marked as complete with regards to additions.
   at System.Collections.Concurrent.BlockingCollection`1.TryAddWithNoTimeValidation(T item, Int32 millisecondsTimeout, CancellationToken cancellationToken)
   at System.Collections.Concurrent.BlockingCollection`1.Add(T item)
   at Triathlon.Network.JsonProtocol.TriathlonServicesJsonProxy.<>c__DisplayClass23_0.<<StartReaderTask>b__0>d.MoveNext() in C:\Users\ciuis\Desktop\FACULTATE\ANUL II\SEM II\MPP\lab08\TriathlonNetworking\jsonprotocol\TriathlonServicesJsonProxy.cs:line 229
2025-05-13 17:07:52,710 [11] INFO  Triathlon.Network.JsonProtocol.TriathlonServicesJsonProxy - Reader task ending
2025-05-13 17:07:55,701 [1] INFO  Triathlon.Network.JsonProtocol.TriathlonServicesJsonProxy - Attempting to connect to localhost:55555...
2025-05-13 17:07:57,748 [1] INFO  Triathlon.Network.JsonProtocol.TriathlonServicesJsonProxy - Connected successfully to localhost:55555
2025-05-13 17:07:57,749 [11] INFO  Triathlon.Network.JsonProtocol.TriathlonServicesJsonProxy - Reader task started
2025-05-13 17:07:57,749 [1] INFO  Triathlon.Network.JsonProtocol.TriathlonServicesJsonProxy - Sending request: {"Type":0,"Data":{"Username":"luk","Password":"123","Email":"","FirstName":"","LastName":"","Name":" ","Id":0}}
2025-05-13 17:07:57,757 [11] ERROR Triathlon.Network.JsonProtocol.TriathlonServicesJsonProxy - Unexpected error in reader task
System.InvalidOperationException: The collection has been marked as complete with regards to additions.
   at System.Collections.Concurrent.BlockingCollection`1.TryAddWithNoTimeValidation(T item, Int32 millisecondsTimeout, CancellationToken cancellationToken)
   at System.Collections.Concurrent.BlockingCollection`1.Add(T item)
   at Triathlon.Network.JsonProtocol.TriathlonServicesJsonProxy.<>c__DisplayClass23_0.<<StartReaderTask>b__0>d.MoveNext() in C:\Users\ciuis\Desktop\FACULTATE\ANUL II\SEM II\MPP\lab08\TriathlonNetworking\jsonprotocol\TriathlonServicesJsonProxy.cs:line 229
2025-05-13 17:07:57,757 [11] INFO  Triathlon.Network.JsonProtocol.TriathlonServicesJsonProxy - Reader task ending
2025-05-13 17:08:02,992 [1] INFO  Triathlon.Client.WinForms.StartJsonClientWF - Application shut down cleanly
2025-05-13 17:08:20,571 [1] INFO  Triathlon.Client.WinForms.StartJsonClientWF - Starting Triathlon Client WinForms...
2025-05-13 17:08:20,584 [1] INFO  Triathlon.Client.WinForms.StartJsonClientWF - Using server localhost:55555
2025-05-13 17:08:20,644 [1] INFO  Triathlon.Client.WinForms.StartJsonClientWF - Triathlon Client WinForms started successfully
2025-05-13 17:08:24,400 [1] INFO  Triathlon.Network.JsonProtocol.TriathlonServicesJsonProxy - Attempting to connect to localhost:55555...
2025-05-13 17:08:26,486 [1] INFO  Triathlon.Network.JsonProtocol.TriathlonServicesJsonProxy - Connected successfully to localhost:55555
2025-05-13 17:08:26,495 [6] INFO  Triathlon.Network.JsonProtocol.TriathlonServicesJsonProxy - Reader task started
2025-05-13 17:08:26,651 [1] INFO  Triathlon.Network.JsonProtocol.TriathlonServicesJsonProxy - Sending request: {"Type":0,"Data":{"Username":"luk","Password":"123","Email":"","FirstName":"","LastName":"","Name":" ","Id":0}}
2025-05-13 17:08:40,909 [1] INFO  Triathlon.Client.WinForms.StartJsonClientWF - Application shut down cleanly
2025-05-13 17:09:03,266 [1] INFO  Triathlon.Client.WinForms.StartJsonClientWF - Starting Triathlon Client WinForms...
2025-05-13 17:09:03,278 [1] INFO  Triathlon.Client.WinForms.StartJsonClientWF - Using server localhost:55555
2025-05-13 17:09:03,335 [1] INFO  Triathlon.Client.WinForms.StartJsonClientWF - Triathlon Client WinForms started successfully
2025-05-13 17:09:07,101 [1] INFO  Triathlon.Network.JsonProtocol.TriathlonServicesJsonProxy - Attempting to connect to localhost:55555...
2025-05-13 17:09:09,166 [1] INFO  Triathlon.Network.JsonProtocol.TriathlonServicesJsonProxy - Connected successfully to localhost:55555
2025-05-13 17:09:09,176 [8] INFO  Triathlon.Network.JsonProtocol.TriathlonServicesJsonProxy - Reader task started
2025-05-13 17:09:09,467 [1] INFO  Triathlon.Network.JsonProtocol.TriathlonServicesJsonProxy - Sending request: {"Type":0,"Data":{"Username":"luk","Password":"123","Email":"","FirstName":"","LastName":"","Name":" ","Id":0}}
2025-05-13 17:09:22,885 [1] INFO  Triathlon.Network.JsonProtocol.TriathlonServicesJsonProxy - Attempting to connect to localhost:55555...
2025-05-13 17:09:24,927 [1] INFO  Triathlon.Network.JsonProtocol.TriathlonServicesJsonProxy - Connected successfully to localhost:55555
2025-05-13 17:09:24,927 [8] INFO  Triathlon.Network.JsonProtocol.TriathlonServicesJsonProxy - Reader task started
2025-05-13 17:09:24,928 [1] INFO  Triathlon.Network.JsonProtocol.TriathlonServicesJsonProxy - Sending request: {"Type":0,"Data":{"Username":"luk","Password":"123","Email":"","FirstName":"","LastName":"","Name":" ","Id":0}}
2025-05-13 17:09:25,195 [8] INFO  Triathlon.Network.JsonProtocol.TriathlonServicesJsonProxy - Received response: {"Type":0,"RefereeDiscipline":{"Referee":{"Username":"luk","Password":"123","Email":"l@k.ocm","FirstName":"luk","LastName":"kul","Name":"luk kul","Id":1},"Event":{"Name":"Opening event","Date":"18 March","Location":"Cluj-Napoca","Description":"Our first ever Triathlon","Id":1},"Discipline":1,"Id":1},"ErrorMessage":null,"Results":null,"TotalPoints":0}
2025-05-13 17:09:25,198 [11] INFO  Triathlon.Network.JsonProtocol.TriathlonServicesJsonProxy - Sending request: {"Type":2,"Data":1}
2025-05-13 17:09:25,230 [8] INFO  Triathlon.Network.JsonProtocol.TriathlonServicesJsonProxy - Received response: {"Type":0,"RefereeDiscipline":null,"ErrorMessage":null,"Results":[{"Event":{"Name":"Opening event","Date":"18 March","Location":"Cluj-Napoca","Description":"Our first ever Triathlon","Id":1},"Participant":{"FirstName":"Maria","LastName":"Popescu","Age":22,"Gender":"female","Name":"Maria Popescu","Id":3},"Discipline":3,"Points":0,"Id":6},{"Event":{"Name":"Opening event","Date":"18 March","Location":"Cluj-Napoca","Description":"Our first ever Triathlon","Id":1},"Participant":{"FirstName":"Ion","LastName":"Ionescu","Age":19,"Gender":"male","Name":"Ion Ionescu","Id":4},"Discipline":1,"Points":77,"Id":7},{"Event":{"Name":"Opening event","Date":"18 March","Location":"Cluj-Napoca","Description":"Our first ever Triathlon","Id":1},"Participant":{"FirstName":"Elena","LastName":"Dumitrescu","Age":21,"Gender":"female","Name":"Elena Dumitrescu","Id":5},"Discipline":2,"Points":100,"Id":8},{"Event":{"Name":"Opening event","Date":"18 March","Location":"Cluj-Napoca","Description":"Our first ever Triathlon","Id":1},"Participant":{"FirstName":"Mihai","LastName":"Stanescu","Age":20,"Gender":"male","Name":"Mihai Stanescu","Id":6},"Discipline":3,"Points":92,"Id":9},{"Event":{"Name":"Opening event","Date":"18 March","Location":"Cluj-Napoca","Description":"Our first ever Triathlon","Id":1},"Participant":{"FirstName":"Ana","LastName":"Vasilescu","Age":23,"Gender":"female","Name":"Ana Vasilescu","Id":7},"Discipline":1,"Points":60,"Id":10},{"Event":{"Name":"Opening event","Date":"18 March","Location":"Cluj-Napoca","Description":"Our first ever Triathlon","Id":1},"Participant":{"FirstName":"Maria","LastName":"Popescu","Age":22,"Gender":"female","Name":"Maria Popescu","Id":3},"Discipline":2,"Points":10,"Id":26},{"Event":{"Name":"Opening event","Date":"18 March","Location":"Cluj-Napoca","Description":"Our first ever Triathlon","Id":1},"Participant":{"FirstName":"Ion","LastName":"Ionescu","Age":19,"Gender":"male","Name":"Ion Ionescu","Id":4},"Discipline":2,"Points":99,"Id":27},{"Event":{"Name":"Opening event","Date":"18 March","Location":"Cluj-Napoca","Description":"Our first ever Triathlon","Id":1},"Participant":{"FirstName":"Ion","LastName":"Ionescu","Age":19,"Gender":"male","Name":"Ion Ionescu","Id":4},"Discipline":3,"Points":0,"Id":28},{"Event":{"Name":"Opening event","Date":"18 March","Location":"Cluj-Napoca","Description":"Our first ever Triathlon","Id":1},"Participant":{"FirstName":"Elena","LastName":"Dumitrescu","Age":21,"Gender":"female","Name":"Elena Dumitrescu","Id":5},"Discipline":1,"Points":30,"Id":29},{"Event":{"Name":"Opening event","Date":"18 March","Location":"Cluj-Napoca","Description":"Our first ever Triathlon","Id":1},"Participant":{"FirstName":"Elena","LastName":"Dumitrescu","Age":21,"Gender":"female","Name":"Elena Dumitrescu","Id":5},"Discipline":3,"Points":0,"Id":30},{"Event":{"Name":"Opening event","Date":"18 March","Location":"Cluj-Napoca","Description":"Our first ever Triathlon","Id":1},"Participant":{"FirstName":"Mihai","LastName":"Stanescu","Age":20,"Gender":"male","Name":"Mihai Stanescu","Id":6},"Discipline":1,"Points":8,"Id":31},{"Event":{"Name":"Opening event","Date":"18 March","Location":"Cluj-Napoca","Description":"Our first ever Triathlon","Id":1},"Participant":{"FirstName":"Mihai","LastName":"Stanescu","Age":20,"Gender":"male","Name":"Mihai Stanescu","Id":6},"Discipline":2,"Points":0,"Id":32},{"Event":{"Name":"Opening event","Date":"18 March","Location":"Cluj-Napoca","Description":"Our first ever Triathlon","Id":1},"Participant":{"FirstName":"Ana","LastName":"Vasilescu","Age":23,"Gender":"female","Name":"Ana Vasilescu","Id":7},"Discipline":2,"Points":20,"Id":33},{"Event":{"Name":"Opening event","Date":"18 March","Location":"Cluj-Napoca","Description":"Our first ever Triathlon","Id":1},"Participant":{"FirstName":"Ana","LastName":"Vasilescu","Age":23,"Gender":"female","Name":"Ana Vasilescu","Id":7},"Discipline":3,"Points":0,"Id":34}],"TotalPoints":0}
2025-05-13 17:09:25,271 [11] INFO  Triathlon.Network.JsonProtocol.TriathlonServicesJsonProxy - Sending request: {"Type":4,"Data":[3,1]}
2025-05-13 17:09:25,281 [8] INFO  Triathlon.Network.JsonProtocol.TriathlonServicesJsonProxy - Received response: {"Type":0,"RefereeDiscipline":null,"ErrorMessage":null,"Results":null,"TotalPoints":10}
2025-05-13 17:09:25,400 [11] INFO  Triathlon.Network.JsonProtocol.TriathlonServicesJsonProxy - Sending request: {"Type":4,"Data":[4,1]}
2025-05-13 17:09:25,402 [8] INFO  Triathlon.Network.JsonProtocol.TriathlonServicesJsonProxy - Received response: {"Type":0,"RefereeDiscipline":null,"ErrorMessage":null,"Results":null,"TotalPoints":176}
2025-05-13 17:09:25,468 [11] INFO  Triathlon.Network.JsonProtocol.TriathlonServicesJsonProxy - Sending request: {"Type":4,"Data":[5,1]}
2025-05-13 17:09:25,469 [8] INFO  Triathlon.Network.JsonProtocol.TriathlonServicesJsonProxy - Received response: {"Type":0,"RefereeDiscipline":null,"ErrorMessage":null,"Results":null,"TotalPoints":130}
2025-05-13 17:09:25,575 [11] INFO  Triathlon.Network.JsonProtocol.TriathlonServicesJsonProxy - Sending request: {"Type":4,"Data":[6,1]}
2025-05-13 17:09:25,578 [8] INFO  Triathlon.Network.JsonProtocol.TriathlonServicesJsonProxy - Received response: {"Type":0,"RefereeDiscipline":null,"ErrorMessage":null,"Results":null,"TotalPoints":100}
2025-05-13 17:09:25,700 [11] INFO  Triathlon.Network.JsonProtocol.TriathlonServicesJsonProxy - Sending request: {"Type":4,"Data":[7,1]}
2025-05-13 17:09:25,703 [8] INFO  Triathlon.Network.JsonProtocol.TriathlonServicesJsonProxy - Received response: {"Type":0,"RefereeDiscipline":null,"ErrorMessage":null,"Results":null,"TotalPoints":80}
2025-05-13 17:09:36,427 [11] INFO  Triathlon.Network.JsonProtocol.TriathlonServicesJsonProxy - Sending request: {"Type":3,"Data":{"Event":{"Name":"Opening event","Date":"18 March","Location":"Cluj-Napoca","Description":"Our first ever Triathlon","Id":1},"Participant":{"FirstName":"Ion","LastName":"Ionescu","Age":19,"Gender":"male","Name":"Ion Ionescu","Id":4},"Discipline":1,"Points":7,"Id":7}}
2025-05-13 17:11:10,494 [17] INFO  Triathlon.Network.JsonProtocol.TriathlonServicesJsonProxy - Sending request: {"Type":3,"Data":{"Event":{"Name":"Opening event","Date":"18 March","Location":"Cluj-Napoca","Description":"Our first ever Triathlon","Id":1},"Participant":{"FirstName":"Ion","LastName":"Ionescu","Age":19,"Gender":"male","Name":"Ion Ionescu","Id":4},"Discipline":1,"Points":7,"Id":7}}
2025-05-13 17:11:11,221 [18] INFO  Triathlon.Network.JsonProtocol.TriathlonServicesJsonProxy - Sending request: {"Type":3,"Data":{"Event":{"Name":"Opening event","Date":"18 March","Location":"Cluj-Napoca","Description":"Our first ever Triathlon","Id":1},"Participant":{"FirstName":"Ion","LastName":"Ionescu","Age":19,"Gender":"male","Name":"Ion Ionescu","Id":4},"Discipline":1,"Points":7,"Id":7}}
2025-05-13 17:11:20,793 [18] ERROR Triathlon.Network.JsonProtocol.TriathlonServicesJsonProxy - Read error
System.IO.IOException: Unable to read data from the transport connection: An existing connection was forcibly closed by the remote host..
 ---> System.Net.Sockets.SocketException (10054): An existing connection was forcibly closed by the remote host.
   --- End of inner exception stack trace ---
   at System.Net.Sockets.Socket.AwaitableSocketAsyncEventArgs.ThrowException(SocketError error, CancellationToken cancellationToken)
   at System.Net.Sockets.Socket.AwaitableSocketAsyncEventArgs.System.Threading.Tasks.Sources.IValueTaskSource<System.Int32>.GetResult(Int16 token)
   at System.IO.StreamReader.ReadBufferAsync(CancellationToken cancellationToken)
   at System.IO.StreamReader.ReadLineAsyncInternal(CancellationToken cancellationToken)
   at Triathlon.Network.JsonProtocol.TriathlonServicesJsonProxy.<>c__DisplayClass23_0.<<StartReaderTask>b__0>d.MoveNext() in C:\Users\ciuis\Desktop\FACULTATE\ANUL II\SEM II\MPP\lab08\TriathlonNetworking\jsonprotocol\TriathlonServicesJsonProxy.cs:line 213
2025-05-13 17:11:20,793 [19] ERROR Triathlon.Network.JsonProtocol.TriathlonServicesJsonProxy - Read error
System.IO.IOException: Unable to read data from the transport connection: An existing connection was forcibly closed by the remote host..
 ---> System.Net.Sockets.SocketException (10054): An existing connection was forcibly closed by the remote host.
   --- End of inner exception stack trace ---
   at System.Net.Sockets.Socket.AwaitableSocketAsyncEventArgs.ThrowException(SocketError error, CancellationToken cancellationToken)
   at System.Net.Sockets.Socket.AwaitableSocketAsyncEventArgs.System.Threading.Tasks.Sources.IValueTaskSource<System.Int32>.GetResult(Int16 token)
   at System.IO.StreamReader.ReadBufferAsync(CancellationToken cancellationToken)
   at System.IO.StreamReader.ReadLineAsyncInternal(CancellationToken cancellationToken)
   at Triathlon.Network.JsonProtocol.TriathlonServicesJsonProxy.<>c__DisplayClass23_0.<<StartReaderTask>b__0>d.MoveNext() in C:\Users\ciuis\Desktop\FACULTATE\ANUL II\SEM II\MPP\lab08\TriathlonNetworking\jsonprotocol\TriathlonServicesJsonProxy.cs:line 213
2025-05-13 17:11:20,842 [18] INFO  Triathlon.Network.JsonProtocol.TriathlonServicesJsonProxy - Reader task ending
2025-05-13 17:11:20,843 [19] INFO  Triathlon.Network.JsonProtocol.TriathlonServicesJsonProxy - Reader task ending
2025-05-13 17:11:20,848 [16] WARN  Triathlon.Network.JsonProtocol.TriathlonServicesJsonProxy - Response collection was completed while waiting
2025-05-13 17:11:20,848 [8] WARN  Triathlon.Network.JsonProtocol.TriathlonServicesJsonProxy - Response collection was completed while waiting
2025-05-13 17:11:20,848 [17] WARN  Triathlon.Network.JsonProtocol.TriathlonServicesJsonProxy - Response collection was completed while waiting
2025-05-14 09:58:42,299 [1] INFO  Triathlon.Client.WinForms.StartJsonClientWF - Starting Triathlon Client WinForms...
2025-05-14 09:58:42,316 [1] INFO  Triathlon.Client.WinForms.StartJsonClientWF - Using server localhost:55559
2025-05-14 09:58:43,665 [1] INFO  Triathlon.Client.WinForms.StartJsonClientWF - Triathlon Client WinForms started successfully
2025-05-14 09:58:46,902 [1] INFO  Triathlon.Network.JsonProtocol.TriathlonServicesJsonProxy - Attempting to connect to localhost:55559...
2025-05-14 09:58:49,336 [1] INFO  Triathlon.Network.JsonProtocol.TriathlonServicesJsonProxy - Connected successfully to localhost:55559
2025-05-14 09:58:49,350 [10] INFO  Triathlon.Network.JsonProtocol.TriathlonServicesJsonProxy - Reader task started
2025-05-14 09:58:49,576 [1] INFO  Triathlon.Network.JsonProtocol.TriathlonServicesJsonProxy - Sending request: {"Type":0,"Data":{"Username":"luk","Password":"123","Email":"","FirstName":"","LastName":"","Name":" ","Id":0}}
2025-05-14 09:59:24,531 [12] ERROR Triathlon.Network.JsonProtocol.TriathlonServicesJsonProxy - Read error
System.IO.IOException: Unable to read data from the transport connection: An existing connection was forcibly closed by the remote host..
 ---> System.Net.Sockets.SocketException (10054): An existing connection was forcibly closed by the remote host.
   --- End of inner exception stack trace ---
   at System.Net.Sockets.Socket.AwaitableSocketAsyncEventArgs.ThrowException(SocketError error, CancellationToken cancellationToken)
   at System.Net.Sockets.Socket.AwaitableSocketAsyncEventArgs.System.Threading.Tasks.Sources.IValueTaskSource<System.Int32>.GetResult(Int16 token)
   at System.IO.StreamReader.ReadBufferAsync(CancellationToken cancellationToken)
   at System.IO.StreamReader.ReadLineAsyncInternal(CancellationToken cancellationToken)
   at Triathlon.Network.JsonProtocol.TriathlonServicesJsonProxy.<>c__DisplayClass23_0.<<StartReaderTask>b__0>d.MoveNext() in C:\Users\ciuis\Desktop\FACULTATE\ANUL II\SEM II\MPP\lab08\TriathlonNetworking\jsonprotocol\TriathlonServicesJsonProxy.cs:line 213
2025-05-14 09:59:24,558 [12] INFO  Triathlon.Network.JsonProtocol.TriathlonServicesJsonProxy - Reader task ending
2025-05-14 10:01:26,561 [1] INFO  Triathlon.Client.WinForms.StartJsonClientWF - Application shut down cleanly
2025-05-14 10:01:37,418 [1] INFO  Triathlon.Client.WinForms.StartJsonClientWF - Starting Triathlon Client WinForms...
2025-05-14 10:01:37,431 [1] INFO  Triathlon.Client.WinForms.StartJsonClientWF - Using server localhost:55559
2025-05-14 10:01:37,500 [1] INFO  Triathlon.Client.WinForms.StartJsonClientWF - Triathlon Client WinForms started successfully
2025-05-14 10:01:41,497 [1] INFO  Triathlon.Network.JsonProtocol.TriathlonServicesJsonProxy - Attempting to connect to localhost:55559...
2025-05-14 10:01:43,607 [1] INFO  Triathlon.Network.JsonProtocol.TriathlonServicesJsonProxy - Connected successfully to localhost:55559
2025-05-14 10:01:43,617 [6] INFO  Triathlon.Network.JsonProtocol.TriathlonServicesJsonProxy - Reader task started
2025-05-14 10:01:43,796 [1] INFO  Triathlon.Network.JsonProtocol.TriathlonServicesJsonProxy - Sending request: {"Type":0,"Data":{"Username":"luk","Password":"123","Email":"","FirstName":"","LastName":"","Name":" ","Id":0}}
2025-05-14 10:02:58,311 [1] INFO  Triathlon.Client.WinForms.StartJsonClientWF - Application shut down cleanly
2025-05-14 10:03:01,511 [1] INFO  Triathlon.Client.WinForms.StartJsonClientWF - Starting Triathlon Client WinForms...
2025-05-14 10:03:01,523 [1] INFO  Triathlon.Client.WinForms.StartJsonClientWF - Using server localhost:55559
2025-05-14 10:03:01,597 [1] INFO  Triathlon.Client.WinForms.StartJsonClientWF - Triathlon Client WinForms started successfully
2025-05-14 10:03:05,383 [1] INFO  Triathlon.Network.JsonProtocol.TriathlonServicesJsonProxy - Attempting to connect to localhost:55559...
2025-05-14 10:03:07,430 [1] INFO  Triathlon.Network.JsonProtocol.TriathlonServicesJsonProxy - Connected successfully to localhost:55559
2025-05-14 10:03:07,433 [8] INFO  Triathlon.Network.JsonProtocol.TriathlonServicesJsonProxy - Reader task started
2025-05-14 10:03:07,541 [1] INFO  Triathlon.Network.JsonProtocol.TriathlonServicesJsonProxy - Sending request: {"Type":0,"Data":{"Username":"luk","Password":"123","Email":"","FirstName":"","LastName":"","Name":" ","Id":0}}
2025-05-14 10:03:24,101 [1] INFO  Triathlon.Client.WinForms.StartJsonClientWF - Application shut down cleanly
2025-05-14 10:03:26,174 [1] INFO  Triathlon.Client.WinForms.StartJsonClientWF - Starting Triathlon Client WinForms...
2025-05-14 10:03:26,185 [1] INFO  Triathlon.Client.WinForms.StartJsonClientWF - Using server localhost:55559
2025-05-14 10:03:26,241 [1] INFO  Triathlon.Client.WinForms.StartJsonClientWF - Triathlon Client WinForms started successfully
2025-05-14 10:03:29,397 [1] INFO  Triathlon.Network.JsonProtocol.TriathlonServicesJsonProxy - Attempting to connect to localhost:55559...
2025-05-14 10:03:31,171 [1] INFO  Triathlon.Client.WinForms.StartJsonClientWF - Application shut down cleanly
2025-05-14 10:03:40,121 [1] INFO  Triathlon.Client.WinForms.StartJsonClientWF - Starting Triathlon Client WinForms...
2025-05-14 10:03:40,132 [1] INFO  Triathlon.Client.WinForms.StartJsonClientWF - Using server localhost:55559
2025-05-14 10:03:40,198 [1] INFO  Triathlon.Client.WinForms.StartJsonClientWF - Triathlon Client WinForms started successfully
2025-05-14 10:03:44,221 [1] INFO  Triathlon.Network.JsonProtocol.TriathlonServicesJsonProxy - Attempting to connect to localhost:55559...
2025-05-14 10:03:46,299 [1] INFO  Triathlon.Network.JsonProtocol.TriathlonServicesJsonProxy - Connected successfully to localhost:55559
2025-05-14 10:03:46,308 [8] INFO  Triathlon.Network.JsonProtocol.TriathlonServicesJsonProxy - Reader task started
2025-05-14 10:03:46,579 [1] INFO  Triathlon.Network.JsonProtocol.TriathlonServicesJsonProxy - Sending request: {"Type":0,"Data":{"Username":"luk","Password":"123","Email":"","FirstName":"","LastName":"","Name":" ","Id":0}}
2025-05-14 10:04:03,392 [1] INFO  Triathlon.Client.WinForms.StartJsonClientWF - Application shut down cleanly
2025-05-14 10:05:14,712 [1] INFO  Triathlon.Client.WinForms.StartJsonClientWF - Starting Triathlon Client WinForms...
2025-05-14 10:05:14,723 [1] INFO  Triathlon.Client.WinForms.StartJsonClientWF - Using server localhost:55559
2025-05-14 10:05:14,779 [1] INFO  Triathlon.Client.WinForms.StartJsonClientWF - Triathlon Client WinForms started successfully
2025-05-14 10:05:18,318 [1] INFO  Triathlon.Network.JsonProtocol.TriathlonServicesJsonProxy - Attempting to connect to localhost:55559...
2025-05-14 10:05:20,396 [1] INFO  Triathlon.Network.JsonProtocol.TriathlonServicesJsonProxy - Connected successfully to localhost:55559
2025-05-14 10:05:20,406 [6] INFO  Triathlon.Network.JsonProtocol.TriathlonServicesJsonProxy - Reader task started
2025-05-14 10:05:20,651 [1] INFO  Triathlon.Network.JsonProtocol.TriathlonServicesJsonProxy - Sending request: {"Type":0,"Data":{"Username":"luk","Password":"123","Email":"","FirstName":"","LastName":"","Name":" ","Id":0}}
2025-05-14 10:06:39,480 [12] ERROR Triathlon.Network.JsonProtocol.TriathlonServicesJsonProxy - Read error
System.IO.IOException: Unable to read data from the transport connection: An existing connection was forcibly closed by the remote host..
 ---> System.Net.Sockets.SocketException (10054): An existing connection was forcibly closed by the remote host.
   --- End of inner exception stack trace ---
   at System.Net.Sockets.Socket.AwaitableSocketAsyncEventArgs.ThrowException(SocketError error, CancellationToken cancellationToken)
   at System.Net.Sockets.Socket.AwaitableSocketAsyncEventArgs.System.Threading.Tasks.Sources.IValueTaskSource<System.Int32>.GetResult(Int16 token)
   at System.IO.StreamReader.ReadBufferAsync(CancellationToken cancellationToken)
   at System.IO.StreamReader.ReadLineAsyncInternal(CancellationToken cancellationToken)
   at Triathlon.Network.JsonProtocol.TriathlonServicesJsonProxy.<>c__DisplayClass23_0.<<StartReaderTask>b__0>d.MoveNext() in C:\Users\ciuis\Desktop\FACULTATE\ANUL II\SEM II\MPP\lab08\TriathlonNetworking\jsonprotocol\TriathlonServicesJsonProxy.cs:line 213
2025-05-14 10:06:39,506 [12] INFO  Triathlon.Network.JsonProtocol.TriathlonServicesJsonProxy - Reader task ending
2025-05-14 10:06:39,509 [6] WARN  Triathlon.Network.JsonProtocol.TriathlonServicesJsonProxy - Response collection was completed while waiting
2025-05-14 10:08:13,513 [1] INFO  Triathlon.Client.WinForms.StartJsonClientWF - Application shut down cleanly
2025-05-14 10:57:30,103 [1] INFO  Triathlon.Client.WinForms.StartJsonClientWF - Starting Triathlon Client WinForms...
2025-05-14 10:57:30,116 [1] INFO  Triathlon.Client.WinForms.StartJsonClientWF - Using server localhost:55559
2025-05-14 10:57:30,179 [1] INFO  Triathlon.Client.WinForms.StartJsonClientWF - Triathlon Client WinForms started successfully
2025-05-14 10:57:33,543 [1] INFO  Triathlon.Network.JsonProtocol.TriathlonServicesJsonProxy - Attempting to connect to localhost:55559...
2025-05-14 10:57:35,577 [1] INFO  Triathlon.Network.JsonProtocol.TriathlonServicesJsonProxy - Connected successfully to localhost:55559
2025-05-14 10:57:35,580 [8] INFO  Triathlon.Network.JsonProtocol.TriathlonServicesJsonProxy - Reader task started
2025-05-14 10:57:35,698 [1] INFO  Triathlon.Network.JsonProtocol.TriathlonServicesJsonProxy - Sending request: {"Type":0,"Data":{"Username":"luk","Password":"123","Email":"","FirstName":"","LastName":"","Name":" ","Id":0}}
2025-05-14 10:57:35,944 [8] INFO  Triathlon.Network.JsonProtocol.TriathlonServicesJsonProxy - Received response: {"Type":0,"RefereeDiscipline":{"Referee":{"Username":"luk","Password":"123","Email":"l@k.ocm","FirstName":"luk","LastName":"kul","Name":"luk kul","Id":1},"Event":{"Name":"Opening event","Date":"18 March","Location":"Cluj-Napoca","Description":"Our first ever Triathlon","Id":1},"Discipline":1,"Id":1},"ErrorMessage":null,"Results":null,"TotalPoints":0}
2025-05-14 10:57:35,949 [11] INFO  Triathlon.Network.JsonProtocol.TriathlonServicesJsonProxy - Sending request: {"Type":2,"Data":1}
2025-05-14 10:57:35,986 [8] INFO  Triathlon.Network.JsonProtocol.TriathlonServicesJsonProxy - Received response: {"Type":0,"RefereeDiscipline":null,"ErrorMessage":null,"Results":[{"Event":{"Name":"Opening event","Date":"18 March","Location":"Cluj-Napoca","Description":"Our first ever Triathlon","Id":1},"Participant":{"FirstName":"Maria","LastName":"Popescu","Age":22,"Gender":"female","Name":"Maria Popescu","Id":3},"Discipline":3,"Points":0,"Id":6},{"Event":{"Name":"Opening event","Date":"18 March","Location":"Cluj-Napoca","Description":"Our first ever Triathlon","Id":1},"Participant":{"FirstName":"Ion","LastName":"Ionescu","Age":19,"Gender":"male","Name":"Ion Ionescu","Id":4},"Discipline":1,"Points":77,"Id":7},{"Event":{"Name":"Opening event","Date":"18 March","Location":"Cluj-Napoca","Description":"Our first ever Triathlon","Id":1},"Participant":{"FirstName":"Elena","LastName":"Dumitrescu","Age":21,"Gender":"female","Name":"Elena Dumitrescu","Id":5},"Discipline":2,"Points":100,"Id":8},{"Event":{"Name":"Opening event","Date":"18 March","Location":"Cluj-Napoca","Description":"Our first ever Triathlon","Id":1},"Participant":{"FirstName":"Mihai","LastName":"Stanescu","Age":20,"Gender":"male","Name":"Mihai Stanescu","Id":6},"Discipline":3,"Points":92,"Id":9},{"Event":{"Name":"Opening event","Date":"18 March","Location":"Cluj-Napoca","Description":"Our first ever Triathlon","Id":1},"Participant":{"FirstName":"Ana","LastName":"Vasilescu","Age":23,"Gender":"female","Name":"Ana Vasilescu","Id":7},"Discipline":1,"Points":60,"Id":10},{"Event":{"Name":"Opening event","Date":"18 March","Location":"Cluj-Napoca","Description":"Our first ever Triathlon","Id":1},"Participant":{"FirstName":"Maria","LastName":"Popescu","Age":22,"Gender":"female","Name":"Maria Popescu","Id":3},"Discipline":2,"Points":10,"Id":26},{"Event":{"Name":"Opening event","Date":"18 March","Location":"Cluj-Napoca","Description":"Our first ever Triathlon","Id":1},"Participant":{"FirstName":"Ion","LastName":"Ionescu","Age":19,"Gender":"male","Name":"Ion Ionescu","Id":4},"Discipline":2,"Points":99,"Id":27},{"Event":{"Name":"Opening event","Date":"18 March","Location":"Cluj-Napoca","Description":"Our first ever Triathlon","Id":1},"Participant":{"FirstName":"Ion","LastName":"Ionescu","Age":19,"Gender":"male","Name":"Ion Ionescu","Id":4},"Discipline":3,"Points":0,"Id":28},{"Event":{"Name":"Opening event","Date":"18 March","Location":"Cluj-Napoca","Description":"Our first ever Triathlon","Id":1},"Participant":{"FirstName":"Elena","LastName":"Dumitrescu","Age":21,"Gender":"female","Name":"Elena Dumitrescu","Id":5},"Discipline":1,"Points":30,"Id":29},{"Event":{"Name":"Opening event","Date":"18 March","Location":"Cluj-Napoca","Description":"Our first ever Triathlon","Id":1},"Participant":{"FirstName":"Elena","LastName":"Dumitrescu","Age":21,"Gender":"female","Name":"Elena Dumitrescu","Id":5},"Discipline":3,"Points":0,"Id":30},{"Event":{"Name":"Opening event","Date":"18 March","Location":"Cluj-Napoca","Description":"Our first ever Triathlon","Id":1},"Participant":{"FirstName":"Mihai","LastName":"Stanescu","Age":20,"Gender":"male","Name":"Mihai Stanescu","Id":6},"Discipline":1,"Points":8,"Id":31},{"Event":{"Name":"Opening event","Date":"18 March","Location":"Cluj-Napoca","Description":"Our first ever Triathlon","Id":1},"Participant":{"FirstName":"Mihai","LastName":"Stanescu","Age":20,"Gender":"male","Name":"Mihai Stanescu","Id":6},"Discipline":2,"Points":0,"Id":32},{"Event":{"Name":"Opening event","Date":"18 March","Location":"Cluj-Napoca","Description":"Our first ever Triathlon","Id":1},"Participant":{"FirstName":"Ana","LastName":"Vasilescu","Age":23,"Gender":"female","Name":"Ana Vasilescu","Id":7},"Discipline":2,"Points":20,"Id":33},{"Event":{"Name":"Opening event","Date":"18 March","Location":"Cluj-Napoca","Description":"Our first ever Triathlon","Id":1},"Participant":{"FirstName":"Ana","LastName":"Vasilescu","Age":23,"Gender":"female","Name":"Ana Vasilescu","Id":7},"Discipline":3,"Points":0,"Id":34}],"TotalPoints":0}
2025-05-14 10:57:36,043 [11] INFO  Triathlon.Network.JsonProtocol.TriathlonServicesJsonProxy - Sending request: {"Type":4,"Data":[3,1]}
2025-05-14 10:57:36,062 [8] INFO  Triathlon.Network.JsonProtocol.TriathlonServicesJsonProxy - Received response: {"Type":0,"RefereeDiscipline":null,"ErrorMessage":null,"Results":null,"TotalPoints":10}
2025-05-14 10:57:36,253 [11] INFO  Triathlon.Network.JsonProtocol.TriathlonServicesJsonProxy - Sending request: {"Type":4,"Data":[4,1]}
2025-05-14 10:58:05,814 [13] ERROR Triathlon.Network.JsonProtocol.TriathlonServicesJsonProxy - Read error
System.IO.IOException: Unable to read data from the transport connection: An existing connection was forcibly closed by the remote host..
 ---> System.Net.Sockets.SocketException (10054): An existing connection was forcibly closed by the remote host.
   --- End of inner exception stack trace ---
   at System.Net.Sockets.Socket.AwaitableSocketAsyncEventArgs.ThrowException(SocketError error, CancellationToken cancellationToken)
   at System.Net.Sockets.Socket.AwaitableSocketAsyncEventArgs.System.Threading.Tasks.Sources.IValueTaskSource<System.Int32>.GetResult(Int16 token)
   at System.IO.StreamReader.ReadBufferAsync(CancellationToken cancellationToken)
   at System.IO.StreamReader.ReadLineAsyncInternal(CancellationToken cancellationToken)
   at Triathlon.Network.JsonProtocol.TriathlonServicesJsonProxy.<>c__DisplayClass23_0.<<StartReaderTask>b__0>d.MoveNext() in C:\Users\ciuis\Desktop\FACULTATE\ANUL II\SEM II\MPP\lab08\TriathlonNetworking\jsonprotocol\TriathlonServicesJsonProxy.cs:line 213
2025-05-14 10:58:05,836 [13] INFO  Triathlon.Network.JsonProtocol.TriathlonServicesJsonProxy - Reader task ending
2025-05-14 10:58:05,837 [6] WARN  Triathlon.Network.JsonProtocol.TriathlonServicesJsonProxy - Response collection was completed while waiting
2025-05-14 10:58:05,838 [13] INFO  Triathlon.Network.JsonProtocol.TriathlonServicesJsonProxy - Attempting to connect to localhost:55559...
2025-05-14 10:58:09,906 [13] INFO  Triathlon.Network.JsonProtocol.TriathlonServicesJsonProxy - Attempting to connect to localhost:55559...
2025-05-14 10:58:13,945 [13] INFO  Triathlon.Network.JsonProtocol.TriathlonServicesJsonProxy - Attempting to connect to localhost:55559...
2025-05-14 11:02:04,356 [1] INFO  Triathlon.Client.WinForms.StartJsonClientWF - Starting Triathlon Client WinForms...
2025-05-14 11:02:04,367 [1] INFO  Triathlon.Client.WinForms.StartJsonClientWF - Using server localhost:55559
2025-05-14 11:02:04,428 [1] INFO  Triathlon.Client.WinForms.StartJsonClientWF - Triathlon Client WinForms started successfully
2025-05-14 11:02:09,832 [1] INFO  Triathlon.Network.JsonProtocol.TriathlonServicesJsonProxy - Attempting to connect to localhost:55559...
2025-05-14 11:02:11,887 [1] INFO  Triathlon.Network.JsonProtocol.TriathlonServicesJsonProxy - Connected successfully to localhost:55559
2025-05-14 11:02:11,891 [8] INFO  Triathlon.Network.JsonProtocol.TriathlonServicesJsonProxy - Reader task started
2025-05-14 11:02:11,998 [1] INFO  Triathlon.Network.JsonProtocol.TriathlonServicesJsonProxy - Sending request: {"Type":0,"Data":{"Username":"luk","Password":"123","Email":"","FirstName":"","LastName":"","Name":" ","Id":0}}
2025-05-14 11:02:12,247 [8] INFO  Triathlon.Network.JsonProtocol.TriathlonServicesJsonProxy - Received response: {"Type":0,"RefereeDiscipline":{"Referee":{"Username":"luk","Password":"123","Email":"l@k.ocm","FirstName":"luk","LastName":"kul","Name":"luk kul","Id":1},"Event":{"Name":"Opening event","Date":"18 March","Location":"Cluj-Napoca","Description":"Our first ever Triathlon","Id":1},"Discipline":1,"Id":1},"ErrorMessage":null,"Results":null,"TotalPoints":0}
2025-05-14 11:02:12,251 [10] INFO  Triathlon.Network.JsonProtocol.TriathlonServicesJsonProxy - Sending request: {"Type":2,"Data":1}
2025-05-14 11:02:12,293 [8] INFO  Triathlon.Network.JsonProtocol.TriathlonServicesJsonProxy - Received response: {"Type":0,"RefereeDiscipline":null,"ErrorMessage":null,"Results":[{"Event":{"Name":"Opening event","Date":"18 March","Location":"Cluj-Napoca","Description":"Our first ever Triathlon","Id":1},"Participant":{"FirstName":"Maria","LastName":"Popescu","Age":22,"Gender":"female","Name":"Maria Popescu","Id":3},"Discipline":3,"Points":0,"Id":6},{"Event":{"Name":"Opening event","Date":"18 March","Location":"Cluj-Napoca","Description":"Our first ever Triathlon","Id":1},"Participant":{"FirstName":"Ion","LastName":"Ionescu","Age":19,"Gender":"male","Name":"Ion Ionescu","Id":4},"Discipline":1,"Points":77,"Id":7},{"Event":{"Name":"Opening event","Date":"18 March","Location":"Cluj-Napoca","Description":"Our first ever Triathlon","Id":1},"Participant":{"FirstName":"Elena","LastName":"Dumitrescu","Age":21,"Gender":"female","Name":"Elena Dumitrescu","Id":5},"Discipline":2,"Points":100,"Id":8},{"Event":{"Name":"Opening event","Date":"18 March","Location":"Cluj-Napoca","Description":"Our first ever Triathlon","Id":1},"Participant":{"FirstName":"Mihai","LastName":"Stanescu","Age":20,"Gender":"male","Name":"Mihai Stanescu","Id":6},"Discipline":3,"Points":92,"Id":9},{"Event":{"Name":"Opening event","Date":"18 March","Location":"Cluj-Napoca","Description":"Our first ever Triathlon","Id":1},"Participant":{"FirstName":"Ana","LastName":"Vasilescu","Age":23,"Gender":"female","Name":"Ana Vasilescu","Id":7},"Discipline":1,"Points":60,"Id":10},{"Event":{"Name":"Opening event","Date":"18 March","Location":"Cluj-Napoca","Description":"Our first ever Triathlon","Id":1},"Participant":{"FirstName":"Maria","LastName":"Popescu","Age":22,"Gender":"female","Name":"Maria Popescu","Id":3},"Discipline":2,"Points":10,"Id":26},{"Event":{"Name":"Opening event","Date":"18 March","Location":"Cluj-Napoca","Description":"Our first ever Triathlon","Id":1},"Participant":{"FirstName":"Ion","LastName":"Ionescu","Age":19,"Gender":"male","Name":"Ion Ionescu","Id":4},"Discipline":2,"Points":99,"Id":27},{"Event":{"Name":"Opening event","Date":"18 March","Location":"Cluj-Napoca","Description":"Our first ever Triathlon","Id":1},"Participant":{"FirstName":"Ion","LastName":"Ionescu","Age":19,"Gender":"male","Name":"Ion Ionescu","Id":4},"Discipline":3,"Points":0,"Id":28},{"Event":{"Name":"Opening event","Date":"18 March","Location":"Cluj-Napoca","Description":"Our first ever Triathlon","Id":1},"Participant":{"FirstName":"Elena","LastName":"Dumitrescu","Age":21,"Gender":"female","Name":"Elena Dumitrescu","Id":5},"Discipline":1,"Points":30,"Id":29},{"Event":{"Name":"Opening event","Date":"18 March","Location":"Cluj-Napoca","Description":"Our first ever Triathlon","Id":1},"Participant":{"FirstName":"Elena","LastName":"Dumitrescu","Age":21,"Gender":"female","Name":"Elena Dumitrescu","Id":5},"Discipline":3,"Points":0,"Id":30},{"Event":{"Name":"Opening event","Date":"18 March","Location":"Cluj-Napoca","Description":"Our first ever Triathlon","Id":1},"Participant":{"FirstName":"Mihai","LastName":"Stanescu","Age":20,"Gender":"male","Name":"Mihai Stanescu","Id":6},"Discipline":1,"Points":8,"Id":31},{"Event":{"Name":"Opening event","Date":"18 March","Location":"Cluj-Napoca","Description":"Our first ever Triathlon","Id":1},"Participant":{"FirstName":"Mihai","LastName":"Stanescu","Age":20,"Gender":"male","Name":"Mihai Stanescu","Id":6},"Discipline":2,"Points":0,"Id":32},{"Event":{"Name":"Opening event","Date":"18 March","Location":"Cluj-Napoca","Description":"Our first ever Triathlon","Id":1},"Participant":{"FirstName":"Ana","LastName":"Vasilescu","Age":23,"Gender":"female","Name":"Ana Vasilescu","Id":7},"Discipline":2,"Points":20,"Id":33},{"Event":{"Name":"Opening event","Date":"18 March","Location":"Cluj-Napoca","Description":"Our first ever Triathlon","Id":1},"Participant":{"FirstName":"Ana","LastName":"Vasilescu","Age":23,"Gender":"female","Name":"Ana Vasilescu","Id":7},"Discipline":3,"Points":0,"Id":34}],"TotalPoints":0}
2025-05-14 11:02:12,321 [10] INFO  Triathlon.Network.JsonProtocol.TriathlonServicesJsonProxy - Sending request: {"Type":4,"Data":[3,1]}
2025-05-14 11:02:12,334 [8] INFO  Triathlon.Network.JsonProtocol.TriathlonServicesJsonProxy - Received response: {"Type":0,"RefereeDiscipline":null,"ErrorMessage":null,"Results":null,"TotalPoints":10}
2025-05-14 11:02:12,386 [10] INFO  Triathlon.Network.JsonProtocol.TriathlonServicesJsonProxy - Sending request: {"Type":4,"Data":[4,1]}
2025-05-14 11:02:12,387 [8] INFO  Triathlon.Network.JsonProtocol.TriathlonServicesJsonProxy - Received response: {"Type":0,"RefereeDiscipline":null,"ErrorMessage":null,"Results":null,"TotalPoints":176}
2025-05-14 11:02:12,418 [10] INFO  Triathlon.Network.JsonProtocol.TriathlonServicesJsonProxy - Sending request: {"Type":4,"Data":[5,1]}
2025-05-14 11:02:12,420 [8] INFO  Triathlon.Network.JsonProtocol.TriathlonServicesJsonProxy - Received response: {"Type":0,"RefereeDiscipline":null,"ErrorMessage":null,"Results":null,"TotalPoints":130}
2025-05-14 11:02:12,459 [10] INFO  Triathlon.Network.JsonProtocol.TriathlonServicesJsonProxy - Sending request: {"Type":4,"Data":[6,1]}
2025-05-14 11:02:12,460 [8] INFO  Triathlon.Network.JsonProtocol.TriathlonServicesJsonProxy - Received response: {"Type":0,"RefereeDiscipline":null,"ErrorMessage":null,"Results":null,"TotalPoints":100}
2025-05-14 11:02:12,504 [10] INFO  Triathlon.Network.JsonProtocol.TriathlonServicesJsonProxy - Sending request: {"Type":4,"Data":[7,1]}
2025-05-14 11:02:12,506 [8] INFO  Triathlon.Network.JsonProtocol.TriathlonServicesJsonProxy - Received response: {"Type":0,"RefereeDiscipline":null,"ErrorMessage":null,"Results":null,"TotalPoints":80}
2025-05-14 11:02:18,441 [10] INFO  Triathlon.Network.JsonProtocol.TriathlonServicesJsonProxy - Sending request: {"Type":3,"Data":{"Event":{"Name":"Opening event","Date":"18 March","Location":"Cluj-Napoca","Description":"Our first ever Triathlon","Id":1},"Participant":{"FirstName":"Ion","LastName":"Ionescu","Age":19,"Gender":"male","Name":"Ion Ionescu","Id":4},"Discipline":1,"Points":7,"Id":7}}
2025-05-14 11:02:30,282 [6] INFO  Triathlon.Network.JsonProtocol.TriathlonServicesJsonProxy - Sending request: {"Type":3,"Data":{"Event":{"Name":"Opening event","Date":"18 March","Location":"Cluj-Napoca","Description":"Our first ever Triathlon","Id":1},"Participant":{"FirstName":"Ion","LastName":"Ionescu","Age":19,"Gender":"male","Name":"Ion Ionescu","Id":4},"Discipline":1,"Points":77,"Id":7}}
2025-05-14 11:02:30,527 [11] INFO  Triathlon.Network.JsonProtocol.TriathlonServicesJsonProxy - Sending request: {"Type":3,"Data":{"Event":{"Name":"Opening event","Date":"18 March","Location":"Cluj-Napoca","Description":"Our first ever Triathlon","Id":1},"Participant":{"FirstName":"Ion","LastName":"Ionescu","Age":19,"Gender":"male","Name":"Ion Ionescu","Id":4},"Discipline":1,"Points":77,"Id":7}}
2025-05-14 11:02:30,734 [13] INFO  Triathlon.Network.JsonProtocol.TriathlonServicesJsonProxy - Sending request: {"Type":3,"Data":{"Event":{"Name":"Opening event","Date":"18 March","Location":"Cluj-Napoca","Description":"Our first ever Triathlon","Id":1},"Participant":{"FirstName":"Ion","LastName":"Ionescu","Age":19,"Gender":"male","Name":"Ion Ionescu","Id":4},"Discipline":1,"Points":77,"Id":7}}
2025-05-14 11:02:30,910 [14] INFO  Triathlon.Network.JsonProtocol.TriathlonServicesJsonProxy - Sending request: {"Type":3,"Data":{"Event":{"Name":"Opening event","Date":"18 March","Location":"Cluj-Napoca","Description":"Our first ever Triathlon","Id":1},"Participant":{"FirstName":"Ion","LastName":"Ionescu","Age":19,"Gender":"male","Name":"Ion Ionescu","Id":4},"Discipline":1,"Points":77,"Id":7}}
2025-05-14 11:03:23,614 [16] INFO  Triathlon.Network.JsonProtocol.TriathlonServicesJsonProxy - Sending request: {"Type":1,"Data":{"Username":"luk","Password":"123","Email":"l@k.ocm","FirstName":"luk","LastName":"kul","Name":"luk kul","Id":1}}
2025-05-14 11:04:00,810 [15] ERROR Triathlon.Network.JsonProtocol.TriathlonServicesJsonProxy - Read error
System.IO.IOException: Unable to read data from the transport connection: An existing connection was forcibly closed by the remote host..
 ---> System.Net.Sockets.SocketException (10054): An existing connection was forcibly closed by the remote host.
   --- End of inner exception stack trace ---
   at System.Net.Sockets.Socket.AwaitableSocketAsyncEventArgs.ThrowException(SocketError error, CancellationToken cancellationToken)
   at System.Net.Sockets.Socket.AwaitableSocketAsyncEventArgs.System.Threading.Tasks.Sources.IValueTaskSource<System.Int32>.GetResult(Int16 token)
   at System.IO.StreamReader.ReadBufferAsync(CancellationToken cancellationToken)
   at System.IO.StreamReader.ReadLineAsyncInternal(CancellationToken cancellationToken)
   at Triathlon.Network.JsonProtocol.TriathlonServicesJsonProxy.<>c__DisplayClass23_0.<<StartReaderTask>b__0>d.MoveNext() in C:\Users\ciuis\Desktop\FACULTATE\ANUL II\SEM II\MPP\lab08\TriathlonNetworking\jsonprotocol\TriathlonServicesJsonProxy.cs:line 213
2025-05-14 11:04:00,878 [15] INFO  Triathlon.Network.JsonProtocol.TriathlonServicesJsonProxy - Reader task ending
2025-05-14 11:04:00,884 [11] WARN  Triathlon.Network.JsonProtocol.TriathlonServicesJsonProxy - Response collection was completed while waiting
2025-05-14 11:04:00,885 [18] WARN  Triathlon.Network.JsonProtocol.TriathlonServicesJsonProxy - Response collection was completed while waiting
2025-05-14 11:04:00,885 [8] WARN  Triathlon.Network.JsonProtocol.TriathlonServicesJsonProxy - Response collection was completed while waiting
2025-05-14 11:04:00,885 [6] WARN  Triathlon.Network.JsonProtocol.TriathlonServicesJsonProxy - Response collection was completed while waiting
2025-05-14 11:04:00,885 [13] WARN  Triathlon.Network.JsonProtocol.TriathlonServicesJsonProxy - Response collection was completed while waiting
2025-05-14 11:04:00,890 [10] WARN  Triathlon.Network.JsonProtocol.TriathlonServicesJsonProxy - Response collection was completed while waiting
